-------------------------------------------------------------------------------
Test set: Tests.loginpageTest
-------------------------------------------------------------------------------
Tests run: 1, Failures: 1, Errors: 0, Skipped: 0, Time elapsed: 387.801 sec <<< FAILURE!
validationpage(Tests.loginpageTest)  Time elapsed: 192.87 sec  <<< FAILURE!
java.lang.AssertionError: expected [true] but found [false]
	at org.testng.Assert.fail(Assert.java:96)
	at org.testng.Assert.failNotEquals(Assert.java:776)
	at org.testng.Assert.assertTrue(Assert.java:44)
	at org.testng.Assert.assertTrue(Assert.java:54)
	at Tests.loginpageTest.validationpage(loginpageTest.java:42)

